2022/03/27 14:17:02 [notice] 1#1: using the "epoll" event method
2022/03/27 14:17:02 [notice] 1#1: nginx/1.21.6
2022/03/27 14:17:02 [notice] 1#1: built by gcc 10.2.1 20210110 (Debian 10.2.1-6) 
2022/03/27 14:17:02 [notice] 1#1: OS: Linux 5.10.102.1-microsoft-standard-WSL2
2022/03/27 14:17:02 [notice] 1#1: getrlimit(RLIMIT_NOFILE): 1048576:1048576
2022/03/27 14:17:02 [notice] 1#1: start worker processes
2022/03/27 14:17:02 [notice] 1#1: start worker process 31
2022/03/27 14:17:02 [notice] 1#1: start worker process 32
2022/03/27 14:17:02 [notice] 1#1: start worker process 33
2022/03/27 14:17:02 [notice] 1#1: start worker process 34
2022/03/27 14:17:02 [notice] 1#1: start worker process 35
2022/03/27 14:17:02 [notice] 1#1: start worker process 36
2022/03/27 14:17:02 [notice] 1#1: start worker process 37
2022/03/27 14:17:02 [notice] 1#1: start worker process 38
2022/03/27 14:17:02 [notice] 1#1: start worker process 39
2022/03/27 14:17:02 [notice] 1#1: start worker process 40
2022/03/27 14:17:02 [notice] 1#1: start worker process 41
2022/03/27 14:17:02 [notice] 1#1: start worker process 42
2022/03/27 14:17:02 [notice] 1#1: start worker process 43
2022/03/27 14:17:02 [notice] 1#1: start worker process 44
2022/03/27 14:17:02 [notice] 1#1: start worker process 45
2022/03/27 14:17:02 [notice] 1#1: start worker process 46
2022/03/27 14:19:02 [notice] 1#1: signal 3 (SIGQUIT) received, shutting down
2022/03/27 14:19:02 [notice] 32#32: gracefully shutting down
2022/03/27 14:19:02 [notice] 31#31: gracefully shutting down
2022/03/27 14:19:02 [notice] 32#32: exiting
2022/03/27 14:19:02 [notice] 34#34: gracefully shutting down
2022/03/27 14:19:02 [notice] 33#33: gracefully shutting down
2022/03/27 14:19:02 [notice] 35#35: gracefully shutting down
2022/03/27 14:19:02 [notice] 31#31: exiting
2022/03/27 14:19:02 [notice] 34#34: exiting
2022/03/27 14:19:02 [notice] 37#37: gracefully shutting down
2022/03/27 14:19:02 [notice] 33#33: exiting
2022/03/27 14:19:02 [notice] 32#32: exit
2022/03/27 14:19:02 [notice] 35#35: exiting
2022/03/27 14:19:02 [notice] 39#39: gracefully shutting down
2022/03/27 14:19:02 [notice] 34#34: exit
2022/03/27 14:19:02 [notice] 31#31: exit
2022/03/27 14:19:02 [notice] 40#40: gracefully shutting down
2022/03/27 14:19:02 [notice] 41#41: gracefully shutting down
2022/03/27 14:19:02 [notice] 37#37: exiting
2022/03/27 14:19:02 [notice] 44#44: gracefully shutting down
2022/03/27 14:19:02 [notice] 33#33: exit
2022/03/27 14:19:02 [notice] 35#35: exit
2022/03/27 14:19:02 [notice] 39#39: exiting
2022/03/27 14:19:02 [notice] 42#42: gracefully shutting down
2022/03/27 14:19:02 [notice] 40#40: exiting
2022/03/27 14:19:02 [notice] 41#41: exiting
2022/03/27 14:19:02 [notice] 44#44: exiting
2022/03/27 14:19:02 [notice] 37#37: exit
2022/03/27 14:19:02 [notice] 39#39: exit
2022/03/27 14:19:02 [notice] 42#42: exiting
2022/03/27 14:19:02 [notice] 40#40: exit
2022/03/27 14:19:02 [notice] 41#41: exit
2022/03/27 14:19:02 [notice] 44#44: exit
2022/03/27 14:19:02 [notice] 42#42: exit
2022/03/27 14:19:02 [notice] 45#45: gracefully shutting down
2022/03/27 14:19:02 [notice] 43#43: gracefully shutting down
2022/03/27 14:19:02 [notice] 46#46: gracefully shutting down
2022/03/27 14:19:02 [notice] 45#45: exiting
2022/03/27 14:19:02 [notice] 43#43: exiting
2022/03/27 14:19:02 [notice] 46#46: exiting
2022/03/27 14:19:02 [notice] 45#45: exit
2022/03/27 14:19:02 [notice] 43#43: exit
2022/03/27 14:19:02 [notice] 46#46: exit
2022/03/27 14:19:02 [notice] 38#38: gracefully shutting down
2022/03/27 14:19:02 [notice] 38#38: exiting
2022/03/27 14:19:02 [notice] 38#38: exit
2022/03/27 14:19:02 [notice] 36#36: gracefully shutting down
2022/03/27 14:19:02 [notice] 36#36: exiting
2022/03/27 14:19:02 [notice] 36#36: exit
2022/03/27 14:19:02 [notice] 1#1: signal 17 (SIGCHLD) received from 32
2022/03/27 14:19:02 [notice] 1#1: worker process 32 exited with code 0
2022/03/27 14:19:02 [notice] 1#1: signal 29 (SIGIO) received
2022/03/27 14:19:02 [notice] 1#1: signal 17 (SIGCHLD) received from 42
2022/03/27 14:19:02 [notice] 1#1: worker process 39 exited with code 0
2022/03/27 14:19:02 [notice] 1#1: worker process 42 exited with code 0
2022/03/27 14:19:02 [notice] 1#1: signal 29 (SIGIO) received
2022/03/27 14:19:02 [notice] 1#1: signal 17 (SIGCHLD) received from 37
2022/03/27 14:19:02 [notice] 1#1: worker process 37 exited with code 0
2022/03/27 14:19:02 [notice] 1#1: signal 29 (SIGIO) received
2022/03/27 14:19:02 [notice] 1#1: signal 17 (SIGCHLD) received from 46
2022/03/27 14:19:02 [notice] 1#1: worker process 33 exited with code 0
2022/03/27 14:19:02 [notice] 1#1: worker process 46 exited with code 0
2022/03/27 14:19:02 [notice] 1#1: signal 29 (SIGIO) received
2022/03/27 14:19:02 [notice] 1#1: signal 17 (SIGCHLD) received from 40
2022/03/27 14:19:02 [notice] 1#1: worker process 34 exited with code 0
2022/03/27 14:19:02 [notice] 1#1: worker process 36 exited with code 0
2022/03/27 14:19:02 [notice] 1#1: worker process 38 exited with code 0
2022/03/27 14:19:02 [notice] 1#1: worker process 40 exited with code 0
2022/03/27 14:19:02 [notice] 1#1: worker process 43 exited with code 0
2022/03/27 14:19:02 [notice] 1#1: worker process 44 exited with code 0
2022/03/27 14:19:02 [notice] 1#1: signal 29 (SIGIO) received
2022/03/27 14:19:02 [notice] 1#1: signal 17 (SIGCHLD) received from 43
2022/03/27 14:19:02 [notice] 1#1: signal 17 (SIGCHLD) received from 45
2022/03/27 14:19:02 [notice] 1#1: worker process 31 exited with code 0
2022/03/27 14:19:02 [notice] 1#1: worker process 35 exited with code 0
2022/03/27 14:19:02 [notice] 1#1: worker process 41 exited with code 0
2022/03/27 14:19:02 [notice] 1#1: worker process 45 exited with code 0
2022/03/27 14:19:02 [notice] 1#1: exit
2022/03/27 14:23:30 [notice] 1#1: using the "epoll" event method
2022/03/27 14:23:30 [notice] 1#1: nginx/1.21.6
2022/03/27 14:23:30 [notice] 1#1: built by gcc 10.2.1 20210110 (Debian 10.2.1-6) 
2022/03/27 14:23:30 [notice] 1#1: OS: Linux 5.10.102.1-microsoft-standard-WSL2
2022/03/27 14:23:30 [notice] 1#1: getrlimit(RLIMIT_NOFILE): 1048576:1048576
2022/03/27 14:23:30 [notice] 1#1: start worker processes
2022/03/27 14:23:30 [notice] 1#1: start worker process 32
2022/03/27 14:23:30 [notice] 1#1: start worker process 33
2022/03/27 14:23:30 [notice] 1#1: start worker process 34
2022/03/27 14:23:30 [notice] 1#1: start worker process 35
2022/03/27 14:23:30 [notice] 1#1: start worker process 36
2022/03/27 14:23:30 [notice] 1#1: start worker process 37
2022/03/27 14:23:30 [notice] 1#1: start worker process 38
2022/03/27 14:23:30 [notice] 1#1: start worker process 39
2022/03/27 14:23:30 [notice] 1#1: start worker process 40
2022/03/27 14:23:30 [notice] 1#1: start worker process 41
2022/03/27 14:23:30 [notice] 1#1: start worker process 42
2022/03/27 14:23:30 [notice] 1#1: start worker process 43
2022/03/27 14:23:30 [notice] 1#1: start worker process 44
2022/03/27 14:23:30 [notice] 1#1: start worker process 45
2022/03/27 14:23:30 [notice] 1#1: start worker process 46
2022/03/27 14:23:30 [notice] 1#1: start worker process 47
2022/03/27 14:34:13 [notice] 1#1: signal 3 (SIGQUIT) received, shutting down
2022/03/27 14:34:13 [notice] 33#33: gracefully shutting down
2022/03/27 14:34:13 [notice] 35#35: gracefully shutting down
2022/03/27 14:34:13 [notice] 36#36: gracefully shutting down
2022/03/27 14:34:13 [notice] 33#33: exiting
2022/03/27 14:34:13 [notice] 37#37: gracefully shutting down
2022/03/27 14:34:13 [notice] 38#38: gracefully shutting down
2022/03/27 14:34:13 [notice] 36#36: exiting
2022/03/27 14:34:13 [notice] 39#39: gracefully shutting down
2022/03/27 14:34:13 [notice] 40#40: gracefully shutting down
2022/03/27 14:34:13 [notice] 37#37: exiting
2022/03/27 14:34:13 [notice] 33#33: exit
2022/03/27 14:34:13 [notice] 41#41: gracefully shutting down
2022/03/27 14:34:13 [notice] 38#38: exiting
2022/03/27 14:34:13 [notice] 39#39: exiting
2022/03/27 14:34:13 [notice] 36#36: exit
2022/03/27 14:34:13 [notice] 40#40: exiting
2022/03/27 14:34:13 [notice] 37#37: exit
2022/03/27 14:34:13 [notice] 42#42: gracefully shutting down
2022/03/27 14:34:13 [notice] 40#40: exit
2022/03/27 14:34:13 [notice] 41#41: exiting
2022/03/27 14:34:13 [notice] 38#38: exit
2022/03/27 14:34:13 [notice] 39#39: exit
2022/03/27 14:34:13 [notice] 43#43: gracefully shutting down
2022/03/27 14:34:13 [notice] 45#45: gracefully shutting down
2022/03/27 14:34:13 [notice] 42#42: exiting
2022/03/27 14:34:13 [notice] 41#41: exit
2022/03/27 14:34:13 [notice] 45#45: exiting
2022/03/27 14:34:13 [notice] 43#43: exiting
2022/03/27 14:34:13 [notice] 42#42: exit
2022/03/27 14:34:13 [notice] 45#45: exit
2022/03/27 14:34:13 [notice] 43#43: exit
2022/03/27 14:34:13 [notice] 44#44: gracefully shutting down
2022/03/27 14:34:13 [notice] 44#44: exiting
2022/03/27 14:34:13 [notice] 44#44: exit
2022/03/27 14:34:13 [notice] 32#32: gracefully shutting down
2022/03/27 14:34:13 [notice] 32#32: exiting
2022/03/27 14:34:13 [notice] 47#47: gracefully shutting down
2022/03/27 14:34:13 [notice] 32#32: exit
2022/03/27 14:34:13 [notice] 47#47: exiting
2022/03/27 14:34:13 [notice] 47#47: exit
2022/03/27 14:34:13 [notice] 46#46: gracefully shutting down
2022/03/27 14:34:13 [notice] 46#46: exiting
2022/03/27 14:34:13 [notice] 46#46: exit
2022/03/27 14:34:13 [notice] 34#34: gracefully shutting down
2022/03/27 14:34:13 [notice] 34#34: exiting
2022/03/27 14:34:13 [notice] 34#34: exit
2022/03/27 14:34:14 [notice] 1#1: signal 17 (SIGCHLD) received from 39
2022/03/27 14:34:14 [notice] 1#1: worker process 37 exited with code 0
2022/03/27 14:34:14 [notice] 1#1: worker process 39 exited with code 0
2022/03/27 14:34:14 [notice] 1#1: worker process 40 exited with code 0
2022/03/27 14:34:14 [notice] 1#1: worker process 44 exited with code 0
2022/03/27 14:34:14 [notice] 1#1: worker process 45 exited with code 0
2022/03/27 14:34:14 [notice] 1#1: signal 29 (SIGIO) received
2022/03/27 14:34:14 [notice] 1#1: signal 17 (SIGCHLD) received from 38
2022/03/27 14:34:14 [notice] 1#1: worker process 38 exited with code 0
2022/03/27 14:34:14 [notice] 1#1: signal 29 (SIGIO) received
2022/03/27 14:34:14 [notice] 1#1: signal 17 (SIGCHLD) received from 34
2022/03/27 14:34:14 [notice] 1#1: worker process 32 exited with code 0
2022/03/27 14:34:14 [notice] 1#1: worker process 34 exited with code 0
2022/03/27 14:34:14 [notice] 1#1: worker process 36 exited with code 0
2022/03/27 14:34:14 [notice] 1#1: worker process 41 exited with code 0
2022/03/27 14:34:14 [notice] 1#1: worker process 43 exited with code 0
2022/03/27 14:34:14 [notice] 1#1: worker process 46 exited with code 0
2022/03/27 14:34:14 [notice] 1#1: worker process 47 exited with code 0
2022/03/27 14:34:14 [notice] 1#1: signal 29 (SIGIO) received
2022/03/27 14:34:14 [notice] 1#1: signal 17 (SIGCHLD) received from 41
2022/03/27 14:34:14 [notice] 1#1: worker process 33 exited with code 0
2022/03/27 14:34:14 [notice] 1#1: signal 29 (SIGIO) received
2022/03/27 14:34:14 [notice] 1#1: signal 17 (SIGCHLD) received from 42
2022/03/27 14:34:14 [notice] 1#1: worker process 42 exited with code 0
2022/03/27 14:34:14 [notice] 1#1: signal 29 (SIGIO) received
2022/03/27 14:34:14 [notice] 35#35: exiting
2022/03/27 14:34:14 [notice] 35#35: exit
2022/03/27 14:34:14 [notice] 1#1: signal 17 (SIGCHLD) received from 35
2022/03/27 14:34:14 [notice] 1#1: worker process 35 exited with code 0
2022/03/27 14:34:14 [notice] 1#1: exit
2022/03/27 14:34:29 [notice] 1#1: using the "epoll" event method
2022/03/27 14:34:29 [notice] 1#1: nginx/1.21.6
2022/03/27 14:34:29 [notice] 1#1: built by gcc 10.2.1 20210110 (Debian 10.2.1-6) 
2022/03/27 14:34:29 [notice] 1#1: OS: Linux 5.10.102.1-microsoft-standard-WSL2
2022/03/27 14:34:29 [notice] 1#1: getrlimit(RLIMIT_NOFILE): 1048576:1048576
2022/03/27 14:34:29 [notice] 1#1: start worker processes
2022/03/27 14:34:29 [notice] 1#1: start worker process 32
2022/03/27 14:34:29 [notice] 1#1: start worker process 33
2022/03/27 14:34:29 [notice] 1#1: start worker process 34
2022/03/27 14:34:29 [notice] 1#1: start worker process 35
2022/03/27 14:34:29 [notice] 1#1: start worker process 36
2022/03/27 14:34:29 [notice] 1#1: start worker process 37
2022/03/27 14:34:29 [notice] 1#1: start worker process 38
2022/03/27 14:34:29 [notice] 1#1: start worker process 39
2022/03/27 14:34:29 [notice] 1#1: start worker process 40
2022/03/27 14:34:29 [notice] 1#1: start worker process 41
2022/03/27 14:34:29 [notice] 1#1: start worker process 42
2022/03/27 14:34:29 [notice] 1#1: start worker process 43
2022/03/27 14:34:29 [notice] 1#1: start worker process 44
2022/03/27 14:34:29 [notice] 1#1: start worker process 45
2022/03/27 14:34:29 [notice] 1#1: start worker process 46
2022/03/27 14:34:29 [notice] 1#1: start worker process 47
2022/03/27 14:48:04 [notice] 1#1: signal 3 (SIGQUIT) received, shutting down
2022/03/27 14:48:04 [notice] 34#34: gracefully shutting down
2022/03/27 14:48:04 [notice] 35#35: gracefully shutting down
2022/03/27 14:48:04 [notice] 34#34: exiting
2022/03/27 14:48:04 [notice] 36#36: gracefully shutting down
2022/03/27 14:48:04 [notice] 37#37: gracefully shutting down
2022/03/27 14:48:04 [notice] 35#35: exiting
2022/03/27 14:48:04 [notice] 34#34: exit
2022/03/27 14:48:04 [notice] 38#38: gracefully shutting down
2022/03/27 14:48:04 [notice] 39#39: gracefully shutting down
2022/03/27 14:48:04 [notice] 36#36: exiting
2022/03/27 14:48:04 [notice] 37#37: exiting
2022/03/27 14:48:04 [notice] 40#40: gracefully shutting down
2022/03/27 14:48:04 [notice] 35#35: exit
2022/03/27 14:48:04 [notice] 41#41: gracefully shutting down
2022/03/27 14:48:04 [notice] 44#44: gracefully shutting down
2022/03/27 14:48:04 [notice] 38#38: exiting
2022/03/27 14:48:04 [notice] 39#39: exiting
2022/03/27 14:48:04 [notice] 36#36: exit
2022/03/27 14:48:04 [notice] 40#40: exiting
2022/03/27 14:48:04 [notice] 41#41: exiting
2022/03/27 14:48:04 [notice] 44#44: exiting
2022/03/27 14:48:04 [notice] 37#37: exit
2022/03/27 14:48:04 [notice] 39#39: exit
2022/03/27 14:48:04 [notice] 38#38: exit
2022/03/27 14:48:04 [notice] 40#40: exit
2022/03/27 14:48:04 [notice] 41#41: exit
2022/03/27 14:48:04 [notice] 44#44: exit
2022/03/27 14:48:04 [notice] 33#33: gracefully shutting down
2022/03/27 14:48:04 [notice] 33#33: exiting
2022/03/27 14:48:04 [notice] 33#33: exit
2022/03/27 14:48:04 [notice] 45#45: gracefully shutting down
2022/03/27 14:48:04 [notice] 46#46: gracefully shutting down
2022/03/27 14:48:04 [notice] 42#42: gracefully shutting down
2022/03/27 14:48:04 [notice] 47#47: gracefully shutting down
2022/03/27 14:48:04 [notice] 45#45: exiting
2022/03/27 14:48:04 [notice] 46#46: exiting
2022/03/27 14:48:04 [notice] 42#42: exiting
2022/03/27 14:48:04 [notice] 47#47: exiting
2022/03/27 14:48:04 [notice] 46#46: exit
2022/03/27 14:48:04 [notice] 45#45: exit
2022/03/27 14:48:04 [notice] 47#47: exit
2022/03/27 14:48:04 [notice] 42#42: exit
2022/03/27 14:48:04 [notice] 43#43: gracefully shutting down
2022/03/27 14:48:04 [notice] 43#43: exiting
2022/03/27 14:48:04 [notice] 43#43: exit
2022/03/27 14:48:04 [notice] 32#32: gracefully shutting down
2022/03/27 14:48:04 [notice] 32#32: exiting
2022/03/27 14:48:04 [notice] 32#32: exit
2022/03/27 14:48:04 [notice] 1#1: signal 17 (SIGCHLD) received from 39
2022/03/27 14:48:04 [notice] 1#1: worker process 34 exited with code 0
2022/03/27 14:48:04 [notice] 1#1: worker process 36 exited with code 0
2022/03/27 14:48:04 [notice] 1#1: worker process 38 exited with code 0
2022/03/27 14:48:04 [notice] 1#1: worker process 39 exited with code 0
2022/03/27 14:48:04 [notice] 1#1: worker process 41 exited with code 0
2022/03/27 14:48:04 [notice] 1#1: worker process 45 exited with code 0
2022/03/27 14:48:04 [notice] 1#1: worker process 46 exited with code 0
2022/03/27 14:48:04 [notice] 1#1: worker process 47 exited with code 0
2022/03/27 14:48:04 [notice] 1#1: signal 29 (SIGIO) received
2022/03/27 14:48:04 [notice] 1#1: signal 17 (SIGCHLD) received from 34
2022/03/27 14:48:04 [notice] 1#1: signal 17 (SIGCHLD) received from 35
2022/03/27 14:48:04 [notice] 1#1: worker process 35 exited with code 0
2022/03/27 14:48:04 [notice] 1#1: worker process 37 exited with code 0
2022/03/27 14:48:04 [notice] 1#1: signal 29 (SIGIO) received
2022/03/27 14:48:04 [notice] 1#1: signal 17 (SIGCHLD) received from 33
2022/03/27 14:48:04 [notice] 1#1: worker process 33 exited with code 0
2022/03/27 14:48:04 [notice] 1#1: worker process 42 exited with code 0
2022/03/27 14:48:04 [notice] 1#1: worker process 32 exited with code 0
2022/03/27 14:48:04 [notice] 1#1: worker process 43 exited with code 0
2022/03/27 14:48:04 [notice] 1#1: worker process 44 exited with code 0
2022/03/27 14:48:04 [notice] 1#1: signal 29 (SIGIO) received
2022/03/27 14:48:04 [notice] 1#1: signal 17 (SIGCHLD) received from 43
2022/03/27 14:48:04 [notice] 1#1: signal 17 (SIGCHLD) received from 40
2022/03/27 14:48:04 [notice] 1#1: worker process 40 exited with code 0
2022/03/27 14:48:04 [notice] 1#1: exit
2022/03/27 14:48:15 [notice] 1#1: using the "epoll" event method
2022/03/27 14:48:15 [notice] 1#1: nginx/1.21.6
2022/03/27 14:48:15 [notice] 1#1: built by gcc 10.2.1 20210110 (Debian 10.2.1-6) 
2022/03/27 14:48:15 [notice] 1#1: OS: Linux 5.10.102.1-microsoft-standard-WSL2
2022/03/27 14:48:15 [notice] 1#1: getrlimit(RLIMIT_NOFILE): 1048576:1048576
2022/03/27 14:48:15 [notice] 1#1: start worker processes
2022/03/27 14:48:15 [notice] 1#1: start worker process 31
2022/03/27 14:48:15 [notice] 1#1: start worker process 32
2022/03/27 14:48:15 [notice] 1#1: start worker process 33
2022/03/27 14:48:15 [notice] 1#1: start worker process 34
2022/03/27 14:48:15 [notice] 1#1: start worker process 35
2022/03/27 14:48:15 [notice] 1#1: start worker process 36
2022/03/27 14:48:15 [notice] 1#1: start worker process 37
2022/03/27 14:48:15 [notice] 1#1: start worker process 38
2022/03/27 14:48:15 [notice] 1#1: start worker process 39
2022/03/27 14:48:15 [notice] 1#1: start worker process 40
2022/03/27 14:48:15 [notice] 1#1: start worker process 41
2022/03/27 14:48:15 [notice] 1#1: start worker process 42
2022/03/27 14:48:15 [notice] 1#1: start worker process 43
2022/03/27 14:48:15 [notice] 1#1: start worker process 44
2022/03/27 14:48:15 [notice] 1#1: start worker process 45
2022/03/27 14:48:15 [notice] 1#1: start worker process 46
2022/03/27 14:49:52 [notice] 1#1: signal 3 (SIGQUIT) received, shutting down
2022/03/27 14:49:52 [notice] 32#32: gracefully shutting down
2022/03/27 14:49:52 [notice] 31#31: gracefully shutting down
2022/03/27 14:49:52 [notice] 33#33: gracefully shutting down
2022/03/27 14:49:52 [notice] 34#34: gracefully shutting down
2022/03/27 14:49:52 [notice] 32#32: exiting
2022/03/27 14:49:52 [notice] 31#31: exiting
2022/03/27 14:49:52 [notice] 36#36: gracefully shutting down
2022/03/27 14:49:52 [notice] 33#33: exiting
2022/03/27 14:49:52 [notice] 35#35: gracefully shutting down
2022/03/27 14:49:52 [notice] 44#44: gracefully shutting down
2022/03/27 14:49:52 [notice] 34#34: exiting
2022/03/27 14:49:52 [notice] 36#36: exiting
2022/03/27 14:49:52 [notice] 43#43: gracefully shutting down
2022/03/27 14:49:52 [notice] 32#32: exit
2022/03/27 14:49:52 [notice] 35#35: exiting
2022/03/27 14:49:52 [notice] 31#31: exit
2022/03/27 14:49:52 [notice] 33#33: exit
2022/03/27 14:49:52 [notice] 44#44: exiting
2022/03/27 14:49:52 [notice] 34#34: exit
2022/03/27 14:49:52 [notice] 43#43: exiting
2022/03/27 14:49:52 [notice] 36#36: exit
2022/03/27 14:49:52 [notice] 35#35: exit
2022/03/27 14:49:52 [notice] 44#44: exit
2022/03/27 14:49:52 [notice] 43#43: exit
2022/03/27 14:49:52 [notice] 40#40: gracefully shutting down
2022/03/27 14:49:52 [notice] 37#37: gracefully shutting down
2022/03/27 14:49:52 [notice] 37#37: exiting
2022/03/27 14:49:52 [notice] 40#40: exiting
2022/03/27 14:49:52 [notice] 37#37: exit
2022/03/27 14:49:52 [notice] 40#40: exit
2022/03/27 14:49:52 [notice] 42#42: gracefully shutting down
2022/03/27 14:49:52 [notice] 39#39: gracefully shutting down
2022/03/27 14:49:52 [notice] 42#42: exiting
2022/03/27 14:49:52 [notice] 39#39: exiting
2022/03/27 14:49:52 [notice] 42#42: exit
2022/03/27 14:49:52 [notice] 39#39: exit
2022/03/27 14:49:52 [notice] 41#41: gracefully shutting down
2022/03/27 14:49:52 [notice] 41#41: exiting
2022/03/27 14:49:52 [notice] 41#41: exit
2022/03/27 14:49:52 [notice] 38#38: gracefully shutting down
2022/03/27 14:49:52 [notice] 38#38: exiting
2022/03/27 14:49:52 [notice] 38#38: exit
2022/03/27 14:49:52 [notice] 46#46: gracefully shutting down
2022/03/27 14:49:52 [notice] 45#45: gracefully shutting down
2022/03/27 14:49:52 [notice] 46#46: exiting
2022/03/27 14:49:52 [notice] 45#45: exiting
2022/03/27 14:49:52 [notice] 46#46: exit
2022/03/27 14:49:52 [notice] 45#45: exit
2022/03/27 14:49:52 [notice] 1#1: signal 17 (SIGCHLD) received from 46
2022/03/27 14:49:52 [notice] 1#1: worker process 40 exited with code 0
2022/03/27 14:49:52 [notice] 1#1: worker process 42 exited with code 0
2022/03/27 14:49:52 [notice] 1#1: worker process 46 exited with code 0
2022/03/27 14:49:52 [notice] 1#1: signal 29 (SIGIO) received
2022/03/27 14:49:52 [notice] 1#1: signal 17 (SIGCHLD) received from 33
2022/03/27 14:49:52 [notice] 1#1: worker process 32 exited with code 0
2022/03/27 14:49:52 [notice] 1#1: worker process 33 exited with code 0
2022/03/27 14:49:52 [notice] 1#1: worker process 35 exited with code 0
2022/03/27 14:49:52 [notice] 1#1: worker process 36 exited with code 0
2022/03/27 14:49:52 [notice] 1#1: worker process 37 exited with code 0
2022/03/27 14:49:52 [notice] 1#1: worker process 38 exited with code 0
2022/03/27 14:49:52 [notice] 1#1: worker process 39 exited with code 0
2022/03/27 14:49:52 [notice] 1#1: worker process 41 exited with code 0
2022/03/27 14:49:52 [notice] 1#1: worker process 44 exited with code 0
2022/03/27 14:49:52 [notice] 1#1: signal 29 (SIGIO) received
2022/03/27 14:49:52 [notice] 1#1: signal 17 (SIGCHLD) received from 31
2022/03/27 14:49:52 [notice] 1#1: worker process 31 exited with code 0
2022/03/27 14:49:52 [notice] 1#1: signal 29 (SIGIO) received
2022/03/27 14:49:52 [notice] 1#1: signal 17 (SIGCHLD) received from 43
2022/03/27 14:49:52 [notice] 1#1: worker process 43 exited with code 0
2022/03/27 14:49:52 [notice] 1#1: worker process 45 exited with code 0
2022/03/27 14:49:52 [notice] 1#1: signal 29 (SIGIO) received
2022/03/27 14:49:52 [notice] 1#1: signal 17 (SIGCHLD) received from 45
2022/03/27 14:49:52 [notice] 1#1: signal 17 (SIGCHLD) received from 34
2022/03/27 14:49:52 [notice] 1#1: worker process 34 exited with code 0
2022/03/27 14:49:52 [notice] 1#1: exit
2022/03/27 14:50:03 [notice] 1#1: using the "epoll" event method
2022/03/27 14:50:03 [notice] 1#1: nginx/1.21.6
2022/03/27 14:50:03 [notice] 1#1: built by gcc 10.2.1 20210110 (Debian 10.2.1-6) 
2022/03/27 14:50:03 [notice] 1#1: OS: Linux 5.10.102.1-microsoft-standard-WSL2
2022/03/27 14:50:03 [notice] 1#1: getrlimit(RLIMIT_NOFILE): 1048576:1048576
2022/03/27 14:50:03 [notice] 1#1: start worker processes
2022/03/27 14:50:03 [notice] 1#1: start worker process 32
2022/03/27 14:50:03 [notice] 1#1: start worker process 33
2022/03/27 14:50:03 [notice] 1#1: start worker process 34
2022/03/27 14:50:03 [notice] 1#1: start worker process 35
2022/03/27 14:50:03 [notice] 1#1: start worker process 36
2022/03/27 14:50:03 [notice] 1#1: start worker process 37
2022/03/27 14:50:03 [notice] 1#1: start worker process 38
2022/03/27 14:50:03 [notice] 1#1: start worker process 39
2022/03/27 14:50:03 [notice] 1#1: start worker process 40
2022/03/27 14:50:03 [notice] 1#1: start worker process 41
2022/03/27 14:50:03 [notice] 1#1: start worker process 42
2022/03/27 14:50:03 [notice] 1#1: start worker process 43
2022/03/27 14:50:03 [notice] 1#1: start worker process 44
2022/03/27 14:50:03 [notice] 1#1: start worker process 45
2022/03/27 14:50:03 [notice] 1#1: start worker process 46
2022/03/27 14:50:03 [notice] 1#1: start worker process 47
2022/03/27 15:03:13 [notice] 1#1: signal 3 (SIGQUIT) received, shutting down
2022/03/27 15:03:13 [notice] 32#32: gracefully shutting down
2022/03/27 15:03:13 [notice] 33#33: gracefully shutting down
2022/03/27 15:03:13 [notice] 34#34: gracefully shutting down
2022/03/27 15:03:13 [notice] 35#35: gracefully shutting down
2022/03/27 15:03:13 [notice] 32#32: exiting
2022/03/27 15:03:13 [notice] 34#34: exiting
2022/03/27 15:03:13 [notice] 33#33: exiting
2022/03/27 15:03:13 [notice] 36#36: gracefully shutting down
2022/03/27 15:03:13 [notice] 37#37: gracefully shutting down
2022/03/27 15:03:13 [notice] 38#38: gracefully shutting down
2022/03/27 15:03:13 [notice] 35#35: exiting
2022/03/27 15:03:13 [notice] 32#32: exit
2022/03/27 15:03:13 [notice] 34#34: exit
2022/03/27 15:03:13 [notice] 39#39: gracefully shutting down
2022/03/27 15:03:13 [notice] 33#33: exit
2022/03/27 15:03:13 [notice] 36#36: exiting
2022/03/27 15:03:13 [notice] 37#37: exiting
2022/03/27 15:03:13 [notice] 38#38: exiting
2022/03/27 15:03:13 [notice] 40#40: gracefully shutting down
2022/03/27 15:03:13 [notice] 35#35: exit
2022/03/27 15:03:13 [notice] 41#41: gracefully shutting down
2022/03/27 15:03:13 [notice] 39#39: exiting
2022/03/27 15:03:13 [notice] 36#36: exit
2022/03/27 15:03:13 [notice] 37#37: exit
2022/03/27 15:03:13 [notice] 40#40: exiting
2022/03/27 15:03:13 [notice] 38#38: exit
2022/03/27 15:03:13 [notice] 46#46: gracefully shutting down
2022/03/27 15:03:13 [notice] 45#45: gracefully shutting down
2022/03/27 15:03:13 [notice] 41#41: exiting
2022/03/27 15:03:13 [notice] 39#39: exit
2022/03/27 15:03:13 [notice] 40#40: exit
2022/03/27 15:03:13 [notice] 46#46: exiting
2022/03/27 15:03:13 [notice] 45#45: exiting
2022/03/27 15:03:13 [notice] 41#41: exit
2022/03/27 15:03:13 [notice] 46#46: exit
2022/03/27 15:03:13 [notice] 47#47: gracefully shutting down
2022/03/27 15:03:13 [notice] 42#42: gracefully shutting down
2022/03/27 15:03:13 [notice] 47#47: exiting
2022/03/27 15:03:13 [notice] 42#42: exiting
2022/03/27 15:03:13 [notice] 42#42: exit
2022/03/27 15:03:13 [notice] 44#44: gracefully shutting down
2022/03/27 15:03:13 [notice] 44#44: exiting
2022/03/27 15:03:13 [notice] 44#44: exit
2022/03/27 15:03:13 [notice] 45#45: exit
2022/03/27 15:03:13 [notice] 47#47: exit
2022/03/27 15:03:13 [notice] 43#43: gracefully shutting down
2022/03/27 15:03:13 [notice] 43#43: exiting
2022/03/27 15:03:13 [notice] 43#43: exit
2022/03/27 15:03:13 [notice] 1#1: signal 17 (SIGCHLD) received from 44
2022/03/27 15:03:13 [notice] 1#1: worker process 44 exited with code 0
2022/03/27 15:03:13 [notice] 1#1: signal 29 (SIGIO) received
2022/03/27 15:03:13 [notice] 1#1: signal 17 (SIGCHLD) received from 43
2022/03/27 15:03:13 [notice] 1#1: worker process 43 exited with code 0
2022/03/27 15:03:13 [notice] 1#1: signal 29 (SIGIO) received
2022/03/27 15:03:13 [notice] 1#1: signal 17 (SIGCHLD) received from 45
2022/03/27 15:03:13 [notice] 1#1: worker process 32 exited with code 0
2022/03/27 15:03:13 [notice] 1#1: worker process 41 exited with code 0
2022/03/27 15:03:13 [notice] 1#1: worker process 45 exited with code 0
2022/03/27 15:03:13 [notice] 1#1: signal 29 (SIGIO) received
2022/03/27 15:03:13 [notice] 1#1: signal 17 (SIGCHLD) received from 32
2022/03/27 15:03:13 [notice] 1#1: worker process 34 exited with code 0
2022/03/27 15:03:13 [notice] 1#1: worker process 35 exited with code 0
2022/03/27 15:03:13 [notice] 1#1: worker process 36 exited with code 0
2022/03/27 15:03:13 [notice] 1#1: worker process 37 exited with code 0
2022/03/27 15:03:13 [notice] 1#1: worker process 38 exited with code 0
2022/03/27 15:03:13 [notice] 1#1: worker process 40 exited with code 0
2022/03/27 15:03:13 [notice] 1#1: worker process 42 exited with code 0
2022/03/27 15:03:13 [notice] 1#1: signal 29 (SIGIO) received
2022/03/27 15:03:13 [notice] 1#1: signal 17 (SIGCHLD) received from 34
2022/03/27 15:03:13 [notice] 1#1: signal 17 (SIGCHLD) received from 33
2022/03/27 15:03:13 [notice] 1#1: worker process 33 exited with code 0
2022/03/27 15:03:13 [notice] 1#1: worker process 47 exited with code 0
2022/03/27 15:03:13 [notice] 1#1: signal 29 (SIGIO) received
2022/03/27 15:03:13 [notice] 1#1: signal 17 (SIGCHLD) received from 39
2022/03/27 15:03:13 [notice] 1#1: worker process 39 exited with code 0
2022/03/27 15:03:13 [notice] 1#1: worker process 46 exited with code 0
2022/03/27 15:03:13 [notice] 1#1: exit
